02 May 2017 10:48:04 PM [main]  INFO   Version- HCANN000001: Hibernate Commons Annotations {4.0.5.Final}
02 May 2017 10:48:04 PM [main]  INFO   Version- HHH000412: Hibernate Core {4.3.11.Final}
02 May 2017 10:48:04 PM [main]  INFO   Environment- HHH000206: hibernate.properties not found
02 May 2017 10:48:04 PM [main]  INFO   Environment- HHH000021: Bytecode provider name : javassist
02 May 2017 10:48:04 PM [main]  INFO   Configuration- HHH000043: Configuring from resource: resources/hibernate.cfg.xml
02 May 2017 10:48:04 PM [main]  INFO   Configuration- HHH000040: Configuration resource: resources/hibernate.cfg.xml
02 May 2017 10:48:04 PM [main]  WARN   DTDEntityResolver- HHH000223: Recognized obsolete hibernate namespace http://hibernate.sourceforge.net/. Use namespace http://www.hibernate.org/dtd/ instead. Refer to Hibernate 3.6 Migration Guide!
02 May 2017 10:48:04 PM [main]  INFO   Configuration- HHH000041: Configured SessionFactory: null
02 May 2017 10:48:04 PM [main]  WARN   DriverManagerConnectionProviderImpl- HHH000402: Using Hibernate built-in connection pool (not for production use!)
02 May 2017 10:48:04 PM [main]  INFO   DriverManagerConnectionProviderImpl- HHH000401: using driver [com.mysql.jdbc.Driver] at URL [jdbc:mysql://localhost:3306/mydb]
02 May 2017 10:48:04 PM [main]  INFO   DriverManagerConnectionProviderImpl- HHH000046: Connection properties: {user=root, password=****}
02 May 2017 10:48:04 PM [main]  INFO   DriverManagerConnectionProviderImpl- HHH000006: Autocommit mode: false
02 May 2017 10:48:04 PM [main]  INFO   DriverManagerConnectionProviderImpl- HHH000115: Hibernate connection pool size: 20 (min=1)
02 May 2017 10:48:04 PM [main]  INFO   Dialect- HHH000400: Using dialect: org.hibernate.dialect.MySQLDialect
02 May 2017 10:48:04 PM [main]  INFO   LobCreatorBuilder- HHH000423: Disabling contextual LOB creation as JDBC driver reported JDBC version [3] less than 4
02 May 2017 10:48:04 PM [main]  INFO   TransactionFactoryInitiator- HHH000399: Using default transaction strategy (direct JDBC transactions)
02 May 2017 10:48:04 PM [main]  INFO   ASTQueryTranslatorFactory- HHH000397: Using ASTQueryTranslatorFactory
02 May 2017 10:48:05 PM [main]  INFO   SchemaExport- HHH000227: Running hbm2ddl schema export
02 May 2017 10:48:05 PM [main]  INFO   SchemaExport- HHH000230: Schema export complete
02 May 2017 10:48:05 PM [main]  INFO   DriverManagerConnectionProviderImpl- HHH000030: Cleaning up connection pool [jdbc:mysql://localhost:3306/mydb]
